,number,value,datetime_start,datetime_complete,duration,params_colsample_bytree,params_learning_rate,params_max_depth,params_n_estimators,params_num_leaves,params_reg_alpha,params_reg_lambda,params_subsample,state
194,194,0.7681464551981049,2025-04-10 03:56:40.342150,2025-04-10 03:58:52.379553,0 days 00:02:12.037403,0.7562926731859099,0.032519203537648075,6,982,24,0.00816235476214228,8.875052206486342e-07,0.9717446042087369,COMPLETE
195,195,0.7690862090927811,2025-04-10 03:58:52.400764,2025-04-10 04:01:03.786036,0 days 00:02:11.385272,0.6506412824113629,0.0347169266264224,7,996,22,0.0027977218602582145,1.3474999543102517e-06,0.9890530162759522,COMPLETE
196,196,0.7696821714948772,2025-04-10 04:01:03.808137,2025-04-10 04:03:07.658297,0 days 00:02:03.850160,0.7793895835803375,0.02869007803730102,5,887,26,0.0008558488008333891,0.08027114412620669,0.9592632806107082,COMPLETE
197,197,0.7675122828558895,2025-04-10 04:03:07.685006,2025-04-10 04:04:57.610160,0 days 00:01:49.925154,0.7922310470459807,0.04615554756044213,5,853,23,0.004449055989805634,4.277999071614271e-07,0.764234906886574,COMPLETE
198,198,0.7692843158649494,2025-04-10 04:04:57.632518,2025-04-10 04:07:12.514280,0 days 00:02:14.881762,0.6981657556154952,0.024758493866542036,10,831,36,1.4862349341254229e-06,1.9408963873422136e-06,0.9350371938949594,COMPLETE
199,199,0.7702543353453168,2025-04-10 04:07:12.536279,2025-04-10 04:09:51.882724,0 days 00:02:39.346445,0.661919287457702,0.018029344992407433,7,906,41,8.619059694143753e-08,0.006813942047477237,0.7523903481608292,COMPLETE
200,200,0.7675971091010796,2025-04-10 04:09:51.897726,2025-04-10 04:11:44.749232,0 days 00:01:52.851506,0.6865302932427675,0.039055257604424395,12,704,39,0.018843861956180367,0.03075952582606326,0.8160438442526657,COMPLETE
201,201,0.7697198927057934,2025-04-10 04:11:44.770157,2025-04-10 04:14:11.557551,0 days 00:02:26.787394,0.6374046994893714,0.02269538507919379,10,925,30,4.98991644618978e-06,3.356636811312027e-07,0.74499001293131,COMPLETE
202,202,0.7671829239040615,2025-04-10 04:14:11.571815,2025-04-10 04:16:23.870156,0 days 00:02:12.298341,0.8108518337247411,0.030558378533653605,9,719,57,3.6475287145055733e-07,4.445335375544837e-05,0.9761043860688724,COMPLETE
203,203,0.7666675327972363,2025-04-10 04:16:23.885155,2025-04-10 04:18:33.223907,0 days 00:02:09.338752,0.7808451814824724,0.031457638146272796,8,674,61,2.0481393209977692e-07,0.0016622132130804696,0.8986851841740839,COMPLETE
