,number,value,datetime_start,datetime_complete,duration,params_colsample_bytree,params_gamma,params_learning_rate,params_max_depth,params_n_estimators,params_reg_alpha,params_reg_lambda,params_subsample,state
272,272,0.7618909640917184,2025-04-10 00:15:01.975072,2025-04-10 00:15:44.505863,0 days 00:00:42.530791,0.644669949665077,0.3080710338824096,0.0110971750162252,8,388,0.0023864950961511155,1.5237688098680513e-08,0.9737711421996444,COMPLETE
273,273,0.7616094616370621,2025-04-10 00:15:44.519606,2025-04-10 00:17:07.346815,0 days 00:01:22.827209,0.621716513078406,0.2740630720653822,0.01361469971603297,8,983,0.41782796041819464,3.338307056659204e-08,0.9803237975161007,COMPLETE
274,274,0.7657932630493981,2025-04-10 00:17:07.359553,2025-04-10 00:18:04.643611,0 days 00:00:57.284058,0.6604877752483129,0.340417837557217,0.015510485451946514,7,864,1.242667290675027e-06,2.157913409347396e-08,0.9594408450306529,COMPLETE
275,275,0.754097562416898,2025-04-10 00:18:04.657032,2025-04-10 00:19:47.560186,0 days 00:01:42.903154,0.8700440673344699,0.2923218977085059,0.018819198214416587,9,808,0.9994449038977721,5.6256962208472205e-08,0.9676928023477037,COMPLETE
276,276,0.7656212348229822,2025-04-10 00:19:47.571523,2025-04-10 00:20:22.272915,0 days 00:00:34.701392,0.792611415941201,0.3153460806314905,0.012497954570257456,4,901,0.07333410550590966,3.412879452492168e-08,0.8948729917119699,COMPLETE
277,277,0.7450621384113612,2025-04-10 00:20:22.285069,2025-04-10 00:23:01.231405,0 days 00:02:38.946336,0.887436251843026,0.3011217521396997,0.01662137941284599,10,935,0.19682375364987287,1.419472606964564e-07,0.9928181770811592,COMPLETE
278,278,0.7677097734284812,2025-04-10 00:23:01.244405,2025-04-10 00:23:36.778602,0 days 00:00:35.534197,0.6006967619900282,0.24629512048163252,0.024446650802855307,6,644,0.6562078728641183,7.307089246821158e-08,0.8618056252968256,COMPLETE
279,279,0.7613510630483605,2025-04-10 00:23:36.792430,2025-04-10 00:24:59.862663,0 days 00:01:23.070233,0.8978945673748847,0.2841911118933513,0.01435742863878186,8,883,0.32338585148332233,1.4480778609682701e-08,0.9383368544874715,COMPLETE
280,280,0.7676538462197866,2025-04-10 00:24:59.874776,2025-04-10 00:25:41.533295,0 days 00:00:41.658519,0.6105988670641892,0.32275871948582785,0.013252373374027075,5,958,0.013950487282816454,3.3996239368159887e-07,0.9823537921602535,COMPLETE
281,281,0.7468396776952252,2025-04-10 00:25:41.546083,2025-04-10 00:27:07.876972,0 days 00:01:26.330889,0.8773104477842989,0.25987146779330733,0.03671039212741432,8,987,0.548298262276255,2.373291564915702e-08,0.9482291799413138,COMPLETE
282,282,0.7659556174434422,2025-04-10 00:27:07.888971,2025-04-10 00:28:03.078787,0 days 00:00:55.189816,0.6294626130130603,0.3535980964764831,0.015663153577186496,7,831,0.392548833501868,4.670322159474035e-08,0.9564123925536269,COMPLETE
283,283,0.7504560956744303,2025-04-10 00:28:03.091758,2025-04-10 00:29:16.683966,0 days 00:01:13.592208,0.6362209467168557,0.33268156010069777,0.032210037743366095,8,919,0.22673915169330072,1.0105459777696697e-08,0.9717198517324067,COMPLETE
284,284,0.7659458968533788,2025-04-10 00:29:16.696646,2025-04-10 00:30:19.573895,0 days 00:01:02.877249,0.6194463032183548,0.3129623787675569,0.014825764736445484,7,972,2.360206319452031e-05,9.349447793834044e-08,0.9628897891368086,COMPLETE
285,285,0.7672437640101907,2025-04-10 00:30:19.585892,2025-04-10 00:31:06.201329,0 days 00:00:46.615437,0.614091694633464,0.29842660505342855,0.010848233283606795,6,852,0.7511510789804166,1.8654471714389858e-08,0.9844537675372267,COMPLETE
286,286,0.761242831238778,2025-04-10 00:31:06.215202,2025-04-10 00:32:34.405062,0 days 00:01:28.189860,0.8550129039086433,0.2910193933325155,0.012441190404070178,8,944,0.16491311233423492,3.054833784182643e-08,0.6520879263708286,COMPLETE
287,287,0.7598317431153809,2025-04-10 00:32:34.418064,2025-04-10 00:33:57.363380,0 days 00:01:22.945316,0.6378811405394939,0.3069674580191574,0.017107161208461553,8,1000,0.5230201379541666,5.4769300551668133e-08,0.9699044488471995,COMPLETE
288,288,0.7618232511615892,2025-04-10 00:33:57.376721,2025-04-10 00:35:20.264123,0 days 00:01:22.887402,0.8653458271357762,0.27010236734394627,0.013677275367379012,8,888,0.28401314496862273,3.903882919262657e-08,0.9554918338954626,COMPLETE
289,289,0.7665692264209367,2025-04-10 00:35:20.279125,2025-04-10 00:35:54.968638,0 days 00:00:34.689513,0.7432958620809906,0.32023943397840504,0.014939317801202888,4,910,0.9751064741675072,2.359066521740912e-08,0.931114906671757,COMPLETE
290,290,0.7657709401482179,2025-04-10 00:35:54.984636,2025-04-10 00:36:31.013957,0 days 00:00:36.029321,0.6823429138695022,0.27999199102207845,0.011484162761285218,6,604,0.103839315195358,8.528802399252715e-08,0.9783280224785267,COMPLETE
291,291,0.7592626474601212,2025-04-10 00:36:31.032531,2025-04-10 00:37:33.800917,0 days 00:01:02.768386,0.8277487977363067,0.3413515707109453,0.027831859478203786,7,958,0.045463398903688106,1.7588840824508453e-08,0.9444813460497271,COMPLETE
292,292,0.7607187610138021,2025-04-10 00:37:33.813959,2025-04-10 00:38:48.675210,0 days 00:01:14.861251,0.652660483654985,0.30350393770247247,0.018187636837997515,8,873,0.4500076436022846,1.3667831758709293e-08,0.9097832571784088,COMPLETE
293,293,0.7654764429518202,2025-04-10 00:38:48.688690,2025-04-10 00:39:49.322189,0 days 00:01:00.633499,0.6068804222962152,0.2897486865169633,0.01622701966090803,7,935,0.31769682771094254,4.444971697298163e-08,0.8847796734052362,COMPLETE
294,294,0.7679099753905363,2025-04-10 00:39:49.335247,2025-04-10 00:40:33.184938,0 days 00:00:43.849691,0.8816095463399798,0.32667107560463043,0.013615803967137347,5,981,0.6981917594204023,2.8384689027617078e-08,0.964211408121023,COMPLETE
295,295,0.7589189311138304,2025-04-10 00:40:33.203939,2025-04-10 00:42:06.393951,0 days 00:01:33.190012,0.625500694130961,0.3153755235832082,0.012646992742847845,9,786,0.13821780584372653,5.895960682054753e-08,0.98864603137317,COMPLETE
296,296,0.7629623186221837,2025-04-10 00:42:06.408116,2025-04-10 00:43:38.244456,0 days 00:01:31.836340,0.845319230075094,0.29780777131152275,0.010628210170595995,8,968,0.9989742753897924,1.1926929755154005e-07,0.9704131958895958,COMPLETE
