,number,value,datetime_start,datetime_complete,duration,params_colsample_bytree,params_learning_rate,params_max_depth,params_n_estimators,params_num_leaves,params_reg_alpha,params_reg_lambda,params_subsample,state
0,0,0.7376670315547843,2025-04-06 18:08:57.605755,2025-04-06 18:10:48.390391,0 days 00:01:50.784636,0.798765711390395,0.026700978914781487,4,110,34,9.728991736790276e-05,0.00022423293872905954,0.6453077951904033,COMPLETE
1,1,0.7717544033554923,2025-04-06 18:10:48.404094,2025-04-06 18:20:29.967235,0 days 00:09:41.563141,0.7322154726312486,0.014496109917135515,11,950,30,0.0001999003959824839,0.0021369689072941738,0.8785415616137884,COMPLETE
2,2,0.7662270942697625,2025-04-06 18:20:29.980609,2025-04-06 18:26:01.362999,0 days 00:05:31.382390,0.7355127531029533,0.0725582014870468,7,626,81,0.028588347971442666,3.594607941052168e-08,0.6807000895082382,COMPLETE
3,3,0.765450888760179,2025-04-06 18:26:01.384226,2025-04-06 18:31:37.561465,0 days 00:05:36.177239,0.9854541061963421,0.07788328536113079,12,769,41,2.1754093288303968e-07,4.9299255812497355e-05,0.8369622650794899,COMPLETE
4,4,0.7627837187135659,2025-04-06 18:31:37.574511,2025-04-06 18:37:35.518311,0 days 00:05:57.943800,0.9994836805755383,0.02066794078513791,9,245,81,0.009592251360984438,1.9411412410166382e-05,0.8004992653868903,COMPLETE
5,5,0.7655502978387014,2025-04-06 18:37:35.529073,2025-04-06 18:42:41.882823,0 days 00:05:06.353750,0.8708628773186632,0.08949121557020841,9,395,62,0.10855289847658295,0.02515500578910862,0.9559709207637157,COMPLETE
6,6,0.7583325434623319,2025-04-06 18:42:41.895742,2025-04-06 18:46:26.105186,0 days 00:03:44.209444,0.9297424729341814,0.014044098362979018,4,651,60,0.0001672264327185618,1.4012915857994896e-05,0.6839016966370903,COMPLETE
7,7,0.7692505556984635,2025-04-06 18:46:26.118703,2025-04-06 18:58:02.106835,0 days 00:11:35.988132,0.6592404406625413,0.010314048904824897,8,813,78,1.034887707188947e-06,1.4684964315572802e-08,0.8312430656867311,COMPLETE
8,8,0.7721369547477058,2025-04-06 18:58:02.121832,2025-04-06 19:00:46.691733,0 days 00:02:44.569901,0.8995552681643295,0.06762128019060956,4,531,65,0.0002601816893581873,5.319889251656996e-08,0.6215121766160565,COMPLETE
9,9,0.7715090301236872,2025-04-06 19:00:46.713733,2025-04-06 19:04:27.398279,0 days 00:03:40.684546,0.8430850508915478,0.05465640726378422,9,309,43,5.371077056828399e-06,3.1412508270716945e-08,0.8397160619882347,COMPLETE
10,10,0.763962945464701,2025-04-06 19:04:27.410504,2025-04-06 19:06:37.315640,0 days 00:02:09.905136,0.6022981061191193,0.29984843608851175,3,492,94,4.3935091799076485e-08,0.3659644387699117,0.6116363464327652,COMPLETE
11,11,0.7728546174010708,2025-04-06 19:06:37.328128,2025-04-06 19:12:21.938019,0 days 00:05:44.609891,0.7456755979036089,0.03962241079905141,12,967,21,0.0004910502204435851,0.00263194654918167,0.9330952932104787,COMPLETE
12,12,0.7729909862081065,2025-04-06 19:12:21.959656,2025-04-06 19:19:34.532035,0 days 00:07:12.572379,0.764358289613356,0.03750884665538738,6,992,22,0.0021336866807711635,1.122199195451583e-06,0.9862499838056384,COMPLETE
13,13,0.7726396299890206,2025-04-06 19:19:34.554034,2025-04-06 19:25:11.608262,0 days 00:05:37.054228,0.7672224167105018,0.037123807484836305,6,990,20,0.0017730142049829517,1.3301293964837057e-06,0.99909709868596,COMPLETE
14,14,0.7611912374661277,2025-04-06 19:25:11.630729,2025-04-06 19:30:01.092582,0 days 00:04:49.461853,0.6880335438533962,0.1388730498968948,6,848,20,9.40036896420465e-06,1.0242026360132117e-06,0.92409096239502,COMPLETE
15,15,0.7723712375004167,2025-04-06 19:30:01.105073,2025-04-06 19:35:48.166639,0 days 00:05:47.061566,0.8213792889855515,0.03534257787292796,11,908,49,0.003152374624347986,0.0006362862522779789,0.9986789935831345,COMPLETE
16,16,0.7735032300769875,2025-04-06 19:35:48.177706,2025-04-06 19:41:25.348474,0 days 00:05:37.170768,0.6981262562462107,0.04552113698808936,6,720,29,0.6422397173044617,0.006774680469560964,0.9220228449823644,COMPLETE
17,17,0.7588154513329581,2025-04-06 19:41:25.360474,2025-04-06 19:45:11.750114,0 days 00:03:46.389640,0.6799186281294227,0.12810825218422106,6,703,52,0.22667247935858617,0.15329382744031778,0.7502022646908183,COMPLETE
18,18,0.771758883187642,2025-04-06 19:45:11.761112,2025-04-06 19:49:32.300482,0 days 00:04:20.539370,0.6128033550568772,0.026971836624807188,5,738,30,0.2508226643056202,1.5473899944405263e-06,0.8861853816523955,COMPLETE
19,19,0.7719544861967622,2025-04-06 19:49:32.313006,2025-04-06 19:55:34.429862,0 days 00:06:02.116856,0.777640829233532,0.049788644646044516,7,858,36,0.8482571672921276,0.016495206936349004,0.9591862104456794,COMPLETE
20,20,0.7680024849263779,2025-04-06 19:55:34.442799,2025-04-06 19:59:22.610070,0 days 00:03:48.167271,0.7039004389119082,0.10755064833259852,5,613,27,0.02657615831887923,1.9566939344966237e-07,0.8924564614510204,COMPLETE
21,21,0.7726818688835513,2025-04-06 19:59:22.623980,2025-04-06 20:05:02.751389,0 days 00:05:40.127409,0.7460510304553614,0.04074097450392017,8,999,20,0.002079348100961846,0.0028867859643728405,0.938097344133509,COMPLETE
22,22,0.7731973601854294,2025-04-06 20:05:02.772437,2025-04-06 20:10:35.367198,0 days 00:05:32.594761,0.6489429701930102,0.02665100500648788,12,898,26,3.602455443605757e-05,0.026184357598228025,0.9707819644813418,COMPLETE
23,23,0.7732372122111407,2025-04-06 20:10:35.380303,2025-04-06 20:17:00.931714,0 days 00:06:25.551411,0.6462157292388101,0.02205797130037406,10,856,38,2.396302520716718e-05,0.047393213586902745,0.9723082646122638,COMPLETE
24,24,0.7734591420270889,2025-04-06 20:17:00.944651,2025-04-06 20:22:43.119293,0 days 00:05:42.174642,0.6428055855339875,0.02084862719783242,10,884,41,2.0666671220995552e-05,0.05528753046843361,0.9098633048477078,COMPLETE
25,25,0.7729041393626798,2025-04-06 20:22:43.141290,2025-04-06 20:28:32.477836,0 days 00:05:49.336546,0.6376818052530296,0.01776116698382814,10,787,43,1.0942273769220555e-05,0.102635877919207,0.9089490778466671,COMPLETE
26,26,0.7733579873280867,2025-04-06 20:28:32.490563,2025-04-06 20:34:24.361400,0 days 00:05:51.870837,0.701723200974768,0.02098486246344869,10,697,51,2.8344643233964762e-06,0.6947209674448664,0.8656979609457138,COMPLETE
27,27,0.7667357433627957,2025-04-06 20:34:24.375063,2025-04-06 20:42:13.277740,0 days 00:07:48.902677,0.7072283580181364,0.010141237968085809,10,663,52,1.82010639494895e-06,0.3247901145680033,0.8627837034876323,COMPLETE
28,28,0.7664677627871878,2025-04-06 20:42:13.291739,2025-04-06 20:48:42.775540,0 days 00:06:29.483801,0.6828950063431785,0.014939861829738164,11,450,47,1.094528482653667e-08,0.006689304209299999,0.7638316749649213,COMPLETE
29,29,0.773290936798586,2025-04-06 20:48:42.790018,2025-04-06 20:53:34.785459,0 days 00:04:51.995441,0.6244518256875042,0.025012140498902352,8,562,68,1.6317118851869622e-06,0.9636347024746906,0.7875178466735523,COMPLETE
30,30,0.7725455301350316,2025-04-06 20:53:34.796460,2025-04-06 21:00:41.305763,0 days 00:07:06.509303,0.8013804479386893,0.030226276583697077,9,722,55,4.3308729790415125e-07,0.00021646253659925196,0.904448060652021,COMPLETE
31,31,0.7727334481835827,2025-04-06 21:00:41.319475,2025-04-06 21:06:51.239075,0 days 00:06:09.919600,0.6375476179631712,0.02169135382005226,8,586,75,2.6738200692671372e-06,0.7006328841487348,0.7948410745916057,COMPLETE
32,32,0.7691572685376824,2025-04-06 21:06:51.251479,2025-04-06 21:11:30.887039,0 days 00:04:39.635560,0.6212661222791723,0.01694088672177381,7,556,70,5.229960283678441e-05,0.9555650082992563,0.8670091187158181,COMPLETE
33,33,0.7734939297495077,2025-04-06 21:11:30.899445,2025-04-06 21:16:06.309716,0 days 00:04:35.410271,0.717880241868599,0.02911006164539761,10,701,33,1.373230906020176e-07,0.09702702885202365,0.7280571737001439,COMPLETE
34,34,0.7727228564531969,2025-04-06 21:16:06.324932,2025-04-06 21:20:41.938242,0 days 00:04:35.613310,0.7119754132927786,0.04645849875392594,11,677,33,7.102794729241637e-08,0.12727787837967316,0.6957302799699505,COMPLETE
35,35,0.7697218487358846,2025-04-06 21:20:41.961518,2025-04-06 21:26:44.939658,0 days 00:06:02.978140,0.6716550023986588,0.012665444504157426,10,787,33,3.33795566523637e-07,0.0007865480675163871,0.7214658940865385,COMPLETE
36,36,0.7729904707602223,2025-04-06 21:26:44.952656,2025-04-06 21:33:08.842135,0 days 00:06:23.889479,0.7273932597789918,0.030323399836292536,10,753,38,9.645052642842378e-08,0.008598606876332186,0.6576073203903169,COMPLETE
37,37,0.7649917861208789,2025-04-06 21:33:08.863133,2025-04-06 21:35:41.647732,0 days 00:02:32.784599,0.7327720267910859,0.06325748528680691,9,105,57,1.367531044759192e-08,0.05598290088399575,0.8206220397817509,COMPLETE
38,38,0.7724121271015663,2025-04-06 21:35:41.659731,2025-04-06 21:42:00.962963,0 days 00:06:19.303232,0.6672939527414966,0.01975482913661859,11,610,46,7.616798818116614e-07,0.2382015404146189,0.8508879158768343,COMPLETE
39,39,0.7736317691972663,2025-04-06 21:42:00.982967,2025-04-06 21:47:32.129586,0 days 00:05:31.146619,0.6955970592094374,0.030632614941458202,5,898,40,1.6506547402542452e-07,0.053854469685982675,0.7216041635594714,COMPLETE
40,40,0.7675911296829693,2025-04-06 21:47:32.142717,2025-04-06 21:51:08.917747,0 days 00:03:36.775030,0.9671326643779898,0.03278824895501703,3,926,28,1.4824215513923873e-07,0.008177418630602581,0.7128358736066287,COMPLETE
41,41,0.7731101682237089,2025-04-06 21:51:08.937052,2025-04-06 21:55:17.548198,0 days 00:04:08.611146,0.6963484142693703,0.04558824879377202,5,806,41,2.8024891955424858e-08,0.0574971137121155,0.7434456813889009,COMPLETE
42,42,0.7691851105163681,2025-04-06 21:55:17.560196,2025-04-06 22:00:26.895622,0 days 00:05:09.335426,0.7274686476895573,0.025050191615868817,4,841,33,4.368281727425731e-06,0.020355529429505304,0.6730952622221026,COMPLETE
43,43,,2025-04-06 22:00:26.920623,2025-04-06 22:00:37.101410,0 days 00:00:10.180787,0.6606503817615491,0.01930286186253338,9,887,40,3.977992599496195e-07,0.3818165701485029,0.815661713803763,FAIL
44,44,0.7633156698361033,2025-04-07 15:35:40.191400,2025-04-07 15:37:11.153796,0 days 00:01:30.962396,0.663991957689337,0.01714832926981629,9,177,42,5.629226854547347e-07,0.0009169937465716638,0.8150778231805744,COMPLETE
45,45,0.7699673767133828,2025-04-07 15:37:11.166798,2025-04-07 15:41:02.510943,0 days 00:03:51.344145,0.7849780106071107,0.012358359358990769,5,686,100,2.2714604008661097e-07,0.3807528077562191,0.7740831078747472,COMPLETE
46,46,0.7660060417171678,2025-04-07 15:41:02.522941,2025-04-07 15:45:29.484182,0 days 00:04:26.961241,0.710255340520389,0.05496564357918621,7,941,25,9.105033816793754e-05,0.08286789665530582,0.7304458823664364,COMPLETE
47,47,0.7609475653236678,2025-04-07 15:45:29.497913,2025-04-07 15:48:19.405678,0 days 00:02:49.907765,0.7465681319097454,0.08497149404473452,11,501,38,0.000638718225503189,5.325374871252744e-05,0.70260175036829,COMPLETE
48,48,0.7720132071775193,2025-04-07 15:48:19.419893,2025-04-07 15:54:22.322364,0 days 00:06:02.902471,0.6869704672442227,0.020019047883657572,12,879,47,1.555072353805269e-05,0.028311898484126623,0.9392370873036375,COMPLETE
49,49,0.7265453400316175,2025-04-07 15:54:22.344671,2025-04-07 15:57:30.656153,0 days 00:03:08.311482,0.6009016763527173,0.2527464065226839,6,647,31,5.211231668822284e-06,0.004388558270550249,0.638699457574529,COMPLETE
50,50,0.7719801617357452,2025-04-07 15:57:30.677589,2025-04-07 16:00:25.365712,0 days 00:02:54.688123,0.6576632771634597,0.030110157374903846,9,354,59,4.082565521307233e-08,0.2273108770140731,0.908718138250955,COMPLETE
51,51,0.7694015106786664,2025-04-07 16:00:25.380970,2025-04-07 16:04:04.432060,0 days 00:03:39.051090,0.8619880471720079,0.014871247448234065,4,747,52,0.010900930634121607,0.00978398629302568,0.8741558363655295,COMPLETE
52,52,0.7716276744258384,2025-04-07 16:04:04.456061,2025-04-07 16:08:41.912459,0 days 00:04:37.456398,0.6227387420100929,0.023757129387502615,8,540,64,1.468141139616852e-06,0.5424124900388461,0.7880325538318058,COMPLETE
53,53,0.7719887985493181,2025-04-07 16:08:41.927478,2025-04-07 16:13:07.325734,0 days 00:04:25.398256,0.6330446693343234,0.026247743581057314,10,483,72,8.457962650835919e-07,0.1566846538760078,0.7699939823321238,COMPLETE
54,54,0.7637810213068787,2025-04-07 16:13:07.341586,2025-04-07 16:17:44.379472,0 days 00:04:37.037886,0.7579491932761944,0.041189383201276866,8,573,84,2.6864563978294076e-06,0.7201123921771757,0.8503557100953997,COMPLETE
55,55,0.7685369498314686,2025-04-07 16:17:44.393146,2025-04-07 16:22:11.101032,0 days 00:04:26.707886,0.7176601728782891,0.03546542854817848,6,715,65,1.5475319386279064e-07,0.33359503759386344,0.7379456345138429,COMPLETE
56,56,0.7720654332922824,2025-04-07 16:22:11.127029,2025-04-07 16:26:55.592537,0 days 00:04:44.465508,0.6927545738505547,0.018738942408811965,5,819,36,0.0001684212352234025,0.09907423369827707,0.9228026404974391,COMPLETE
57,57,0.7723142064762208,2025-04-07 16:26:55.605535,2025-04-07 16:30:16.159949,0 days 00:03:20.554414,0.67354952047731,0.023594723341911664,7,428,45,8.257050730728543e-06,0.04573930311740983,0.8116806387618399,COMPLETE
58,58,0.7574761863634221,2025-04-07 16:30:16.173066,2025-04-07 16:34:30.208723,0 days 00:04:14.035657,0.6493412203540904,0.05929020279145089,10,623,68,6.285379513354617e-05,1.2597926630196724e-05,0.7592349071219602,COMPLETE
59,59,0.7730705477598979,2025-04-07 16:34:30.231260,2025-04-07 16:39:33.573213,0 days 00:05:03.341953,0.6139440630864874,0.031461686797938516,9,890,24,2.2681805374417322e-05,0.0016300397203039233,0.8948013686209304,COMPLETE
60,60,0.7684221752849218,2025-04-07 16:39:33.587539,2025-04-07 16:46:07.866700,0 days 00:06:34.279161,0.63009538393117,0.027316446724154966,11,957,50,0.00040425213994320163,0.014228920120923173,0.8384269042140915,COMPLETE
61,61,0.7698889985764955,2025-04-07 16:46:07.881704,2025-04-07 16:50:37.280120,0 days 00:04:29.398416,0.8120488980054908,0.04245059608691583,8,778,30,1.220329548779174e-06,0.9462751107799175,0.9542201938642308,COMPLETE
62,62,0.7729522674997729,2025-04-07 16:50:37.302124,2025-04-07 16:56:25.036389,0 days 00:05:47.734265,0.6490350923010446,0.021808144025470263,10,844,39,2.498846118380161e-05,0.04171534981198981,0.9835605398900246,COMPLETE
63,63,0.7727914767051958,2025-04-07 16:56:25.051389,2025-04-07 17:02:16.022978,0 days 00:05:50.971589,0.6536834429219315,0.021493063234768697,10,876,36,3.5161832034374684e-06,0.18007855511563373,0.9559550331791841,COMPLETE
64,64,0.7703859203952085,2025-04-09 11:49:14.660105,2025-04-09 11:51:16.481916,0 days 00:02:01.821811,0.6789087828343252,0.016088624922168504,9,699,40,1.1559985089079616e-05,0.07352874777866501,0.9227579537005057,COMPLETE
65,65,0.7688770296539728,2025-04-09 11:51:16.495155,2025-04-09 11:53:53.004624,0 days 00:02:36.509469,0.6918983476774453,0.023105304526681403,11,920,43,2.979677332065154e-07,0.4701503166858939,0.9781651000681235,COMPLETE
66,66,0.7690684088849677,2025-04-09 11:53:53.023621,2025-04-09 11:56:08.254982,0 days 00:02:15.231361,0.641506289449096,0.028015689367904932,10,824,35,0.10797976323917512,0.03561633826725236,0.9423426127985531,COMPLETE
67,67,0.7676164055550186,2025-04-09 11:56:08.267563,2025-04-09 11:57:57.732208,0 days 00:01:49.464645,0.6999536239591815,0.034399675204619666,6,641,55,6.982327501909822e-06,0.15280625123255231,0.8839840035747951,COMPLETE
68,68,0.7700359735865356,2025-04-09 11:57:57.753213,2025-04-09 12:00:24.706925,0 days 00:02:26.953712,0.6125867629723023,0.012624971710527033,9,751,29,9.713536797807537e-08,0.0041456079722799735,0.7825636139874793,COMPLETE
69,69,0.7687333644205184,2025-04-09 12:00:24.720926,2025-04-09 12:03:28.279283,0 days 00:03:03.558357,0.6686229953059529,0.019131273584572783,11,795,81,2.0228570588126155e-06,0.25959903892938596,0.964936692496124,COMPLETE
70,70,0.7677102749603856,2025-04-09 12:03:28.301900,2025-04-09 12:05:43.770686,0 days 00:02:15.468786,0.723810070822774,0.03799978049449259,5,961,44,2.1393373922449914e-08,0.013787975454478093,0.684903746434147,COMPLETE
71,71,0.7593276117059616,2025-04-09 12:05:43.783685,2025-04-09 12:08:02.783731,0 days 00:02:19.000046,0.7545471705604986,0.05172654911429236,12,863,49,3.0822302430675966e-05,0.021389783953347688,0.8050320726238297,COMPLETE
72,72,0.7693472428113778,2025-04-09 12:08:02.806302,2025-04-09 12:10:18.914741,0 days 00:02:16.108439,0.6529572746776094,0.026612781735506522,12,905,26,4.6642883466383145e-05,0.0270550150690842,0.9727889582257773,COMPLETE
73,73,0.7690968364480748,2025-04-09 12:10:18.937027,2025-04-09 12:12:50.856109,0 days 00:02:31.919082,0.6240586321152033,0.02883873408292201,12,980,32,0.0002471412149683583,0.08415616282910607,0.9931977963548501,COMPLETE
74,74,0.7699614551857475,2025-04-09 12:12:50.868525,2025-04-09 12:14:47.703540,0 days 00:01:56.835015,0.6376120488337828,0.023703676196113202,11,722,23,1.395108413824573e-05,0.48224603909871144,0.9668613964383429,COMPLETE
75,75,0.7685346130601759,2025-04-09 12:14:47.716825,2025-04-09 12:16:29.930562,0 days 00:01:42.213737,0.677308340492627,0.033344868489432966,10,589,37,0.00011008849629648081,0.05153652582340519,0.949467185055127,COMPLETE
76,76,0.7605261649695516,2025-04-09 12:16:29.944525,2025-04-09 12:18:32.351514,0 days 00:02:02.406989,0.6090408195133703,0.0703757720539939,7,929,29,4.796604375501899e-07,0.12472751783543563,0.913191209659982,COMPLETE
77,77,0.77010697625424,2025-04-09 12:18:32.376526,2025-04-09 12:20:37.250246,0 days 00:02:04.873720,0.7033580107464344,0.018166198137336692,10,673,33,0.0008026011374932838,0.00456476195368282,0.9292331188716404,COMPLETE
78,78,0.7684316147721976,2025-04-09 12:20:37.272017,2025-04-09 12:23:39.943055,0 days 00:03:02.671038,0.640757693867997,0.020969846560623246,12,891,62,6.492804520764706e-08,0.0013907818991074278,0.8247084914779739,COMPLETE
79,79,0.7694778325904094,2025-04-09 12:23:39.956567,2025-04-09 12:25:21.428097,0 days 00:01:41.471530,0.6630021656692285,0.024903219183054447,4,774,40,3.363932924907743e-05,0.00022078003737057317,0.8963885131859557,COMPLETE
80,80,0.7703754288598758,2025-04-09 12:25:21.440410,2025-04-09 12:27:47.795764,0 days 00:02:26.355354,0.7379139531947622,0.01562207519516044,9,839,27,0.7265038216919424,0.014787825729667404,0.7220607941366388,COMPLETE
81,81,0.7675828992160005,2025-04-09 12:27:47.817271,2025-04-09 12:29:40.054468,0 days 00:01:52.237197,0.7153326460793363,0.0473046044541406,11,808,23,9.201346939969571e-05,3.922528812948564e-06,0.7559623613905367,COMPLETE
82,82,0.7680049731035287,2025-04-09 12:29:40.067510,2025-04-09 12:31:46.390924,0 days 00:02:06.323414,0.6840795252931842,0.03856052529717883,5,871,40,5.3156020290376046e-08,0.06704912502954477,0.7392301874862027,COMPLETE
83,83,0.7688839809640978,2025-04-09 12:31:46.402917,2025-04-09 12:33:43.207816,0 days 00:01:56.804899,0.6962546373906396,0.03179012302203438,5,803,42,1.7416080274449417e-07,0.031218427282258418,0.7482931298834747,COMPLETE
84,84,0.7697234496301768,2025-04-09 12:33:43.235670,2025-04-09 12:35:29.834928,0 days 00:01:46.599258,0.6607369981532446,0.04392766020904582,4,903,34,3.426535734722541e-08,0.21542482304536292,0.7128333192142746,COMPLETE
85,85,0.7694260974314063,2025-04-09 12:35:29.859929,2025-04-09 12:37:27.436085,0 days 00:01:57.576156,0.7360492072957189,0.025457315064771634,6,735,31,1.9292359936325692e-08,0.05262279861433474,0.8685306696566483,COMPLETE
86,86,0.7695476273510853,2025-04-09 12:37:27.457084,2025-04-09 12:38:40.132061,0 days 00:01:12.674977,0.6472277570790261,0.058088856386293804,3,693,47,2.760925198601077e-08,0.9681712589245998,0.6978343699928488,COMPLETE
87,87,0.7697719651881416,2025-04-09 12:38:40.153549,2025-04-09 12:41:09.901097,0 days 00:02:29.747548,0.7714673327031292,0.013832186460518033,6,829,38,1.7786404900840136e-05,0.009244401740103991,0.7318498414916658,COMPLETE
88,88,0.7693269778052594,2025-04-09 12:41:09.922618,2025-04-09 12:43:02.425082,0 days 00:01:52.502464,0.7212142667245043,0.028909453683861875,5,762,35,9.98632927196933e-08,0.11494139611445578,0.8537707926698462,COMPLETE
89,89,0.7684015529164476,2025-04-09 12:43:02.437084,2025-04-09 12:45:45.214214,0 days 00:02:42.777130,0.9242988142243111,0.02212146384402885,8,860,49,7.116804598858095e-07,0.28436428893146093,0.6647943794818727,COMPLETE
90,90,0.739848831715662,2025-04-09 12:45:45.226212,2025-04-09 12:48:34.415971,0 days 00:02:49.189759,0.6712720998890144,0.07766825484916726,10,940,76,3.0628201537913234e-07,0.01893882052037845,0.7756742716045358,COMPLETE
91,91,0.7703360644500894,2025-04-09 12:48:34.428342,2025-04-09 12:50:44.217823,0 days 00:02:09.789481,0.6254763117052804,0.020284943632660375,9,652,45,5.91730674536145e-06,0.005494968283863448,0.7494475802262958,COMPLETE
92,92,0.7694891290260013,2025-04-09 12:50:44.240138,2025-04-09 12:52:53.032848,0 days 00:02:08.792710,0.6156505152053263,0.03132971924107633,9,883,25,2.3453028351644255e-05,0.0019315203949279696,0.8950270932368775,COMPLETE
93,93,0.769327279503697,2025-04-09 12:52:53.055845,2025-04-09 12:54:57.781209,0 days 00:02:04.725364,0.6320645316857288,0.03411776568584447,8,892,22,3.1237007492456484e-06,0.0025881458858007488,0.9164742691689293,COMPLETE
94,94,0.769476615777154,2025-04-09 12:54:57.803175,2025-04-09 12:56:56.635483,0 days 00:01:58.832308,0.7065049707120625,0.0249519876773747,10,519,68,4.6613924939716346e-05,0.031872908633525446,0.9036868926259515,COMPLETE
95,95,0.766101909457204,2025-04-09 12:56:56.649482,2025-04-09 12:59:07.686169,0 days 00:02:11.036687,0.6140219683727334,0.045879557986655356,9,916,28,1.8115995677972354e-05,0.54750918486156,0.8784959824028004,COMPLETE
96,96,0.7691224440770774,2025-04-09 12:59:07.699306,2025-04-09 13:01:07.693601,0 days 00:01:59.994295,0.607030878150162,0.0366639534790584,7,821,24,9.714804344382215e-06,0.010646476292516272,0.7167190298534952,COMPLETE
